2021-55-11 16:55:05 - root - INFO - process completed for Mumbai
2021-55-11 16:55:06 - root - INFO - process completed for Delhi
2021-55-11 16:55:06 - root - INFO - process completed for Kolkata
2021-55-11 16:55:06 - root - INFO - process completed for Chennai
2021-55-11 16:55:07 - root - INFO - process completed for Bengaluru
2021-55-11 16:55:07 - root - INFO - process completed for Hyderabad
2021-55-11 16:55:07 - root - INFO - process completed for Lucknow
2021-55-11 16:55:08 - root - INFO - process completed for Patna
2021-55-11 16:55:08 - root - INFO - process completed for Bhopal
2021-55-11 16:55:08 - root - INFO - process completed for Srinagar
2021-55-11 16:55:09 - root - INFO - process completed for Ranchi
2021-55-11 16:55:09 - root - INFO - process completed for Chandigarh
2021-55-11 16:55:10 - root - INFO - process completed for Trivandrum
2021-55-11 16:55:10 - root - INFO - process completed for Raipur
2021-55-11 16:55:10 - root - INFO - process completed for Bhubaneswar
2021-55-11 16:55:11 - root - INFO - process completed for Dehra Dun
2021-55-11 16:55:11 - root - INFO - process completed for Shillong
2021-55-11 16:55:11 - root - INFO - process completed for Aizawl
2021-55-11 16:55:12 - root - INFO - process completed for Imphal
2021-55-11 16:55:12 - root - INFO - process completed for Puducherry
2021-55-11 16:55:12 - root - INFO - process completed for Agartala
2021-55-11 16:55:13 - root - INFO - process completed for Shimla
2021-55-11 16:55:13 - root - INFO - process completed for Port Blair
2021-55-11 16:55:13 - root - INFO - process completed for Kohima
2021-55-11 16:55:14 - root - INFO - process completed for Gangtok
2021-55-11 16:55:14 - root - INFO - process completed for Panjim
2021-55-11 16:55:14 - root - INFO - process completed for Itanagar
2021-55-11 16:55:15 - root - INFO - process completed for Daman
2021-55-11 16:55:15 - root - INFO - process completed for Silvassa
2021-55-11 16:55:15 - root - INFO - process completed for Dispur
2021-55-11 16:55:16 - root - INFO - process completed for Kavaratti
2021-55-11 16:55:16 - root - INFO - process completed for Jaipur
2021-55-11 16:55:17 - root - INFO - process completed for Gandhinagar
2021-55-11 16:55:17 - root - INFO - data inserted in database
